Arguments: 
  /usr/local/bin/node /usr/local/bin/yarn

PATH: 
  /usr/local/bin:/usr/bin:/bin:/usr/sbin:/sbin

Yarn version: 
  0.19.1

Node version: 
  6.9.1

Platform: 
  darwin x64

npm manifest: 
  {
    "name": "head-replace",
    "version": "1.0.0",
    "description": "",
    "main": "index.js",
    "scripts": {
      "test": "karma start",
      "bla": "tsc ./src/replace-head.ts && node ./src/replace-head.js"
    },
    "author": "",
    "license": "ISC",
    "dependencies": {
      "@types/node": "^7.0.5"
    },
    "devDependencies": {
      "jasmine-core": "^2.8.0",
      "karma": "^1.5.0",
      "karma-jasmine": "^1.1.0",
      "karma-typescript": "^3.0.7"
    }
  }

yarn manifest: 
  No manifest

Lockfile: 
  # THIS IS AN AUTOGENERATED FILE. DO NOT EDIT THIS FILE DIRECTLY.
  # yarn lockfile v1
  
  
  "@types/node@^7.0.5":
    version "7.0.43"
    resolved "https://registry.yarnpkg.com/@types/node/-/node-7.0.43.tgz#a187e08495a075f200ca946079c914e1a5fe962c"

Trace: 
  Error: EACCES: permission denied, unlink '/Users/mitchlamers/Documents/head-replace/node_modules/.bin/acorn'
      at Error (native)
